Fri 06 Jul 2018 12:08:25 : DEBUG : logging.py : 33 : successfully store to database
Fri 06 Jul 2018 12:09:59 : DEBUG : logging.py : 33 : successfully store to database
Fri 06 Jul 2018 12:09:59 : DEBUG : logging.py : 33 : successfully store to database
Fri 06 Jul 2018 12:12:09 : DEBUG : logging.py : 33 : successfully store to database
Fri 06 Jul 2018 12:12:09 : DEBUG : logging.py : 33 : successfully store to database
Fri 06 Jul 2018 12:12:09 : DEBUG : logging.py : 33 : successfully store to database
Fri 06 Jul 2018 12:15:16 : DEBUG : logging.py : 33 : successfully store to database
Fri 06 Jul 2018 13:27:21 : DEBUG : logging.py : 33 : successfully store to database
Fri 06 Jul 2018 13:31:48 : DEBUG : logging.py : 33 : successfully store to database
Fri 06 Jul 2018 13:32:48 : DEBUG : logging.py : 33 : successfully store to database
Fri 06 Jul 2018 13:32:48 : DEBUG : logging.py : 33 : successfully store to database
Fri 06 Jul 2018 14:19:48 : DEBUG : logging.py : 33 : successfully store to database
Sat 07 Jul 2018 22:46:12 : DEBUG : logging.py : 33 : successfully store to database
Sat 07 Jul 2018 22:49:21 : DEBUG : logging.py : 33 : successfully store to database
Sat 07 Jul 2018 22:49:21 : DEBUG : logging.py : 33 : successfully store to database
Sat 07 Jul 2018 22:50:19 : DEBUG : logging.py : 33 : successfully store to database
Sat 07 Jul 2018 22:50:19 : DEBUG : logging.py : 33 : successfully store to database
Sat 07 Jul 2018 22:50:19 : DEBUG : logging.py : 33 : successfully store to database
Sat 07 Jul 2018 23:05:03 : DEBUG : logging.py : 33 : successfully store to database
Sat 07 Jul 2018 23:05:03 : DEBUG : logging.py : 33 : successfully store to database
Sat 07 Jul 2018 23:05:03 : DEBUG : logging.py : 33 : successfully store to database
Sat 07 Jul 2018 23:05:03 : DEBUG : logging.py : 33 : successfully store to database
Sun 08 Jul 2018 22:51:15 : DEBUG : logging.py : 33 : successfully store to database
Sun 08 Jul 2018 22:56:20 : DEBUG : logging.py : 33 : successfully store to database
Sun 08 Jul 2018 22:57:15 : DEBUG : logging.py : 33 : successfully store to database
Sun 08 Jul 2018 22:59:20 : DEBUG : logging.py : 33 : successfully store to database
Sun 08 Jul 2018 23:01:43 : DEBUG : logging.py : 33 : successfully store to database
Tue 10 Jul 2018 11:23:10 : DEBUG : logging.py : 33 : successfully store to database
Tue 10 Jul 2018 11:37:59 : DEBUG : logging.py : 33 : successfully store to database
Tue 10 Jul 2018 11:37:59 : DEBUG : logging.py : 33 : successfully store to database
Wed 11 Jul 2018 15:16:17 : DEBUG : logging.py : 33 : successfully store to database
Wed 11 Jul 2018 15:19:14 : DEBUG : logging.py : 33 : successfully store to database
Wed 11 Jul 2018 15:19:14 : DEBUG : logging.py : 33 : successfully store to database
Wed 11 Jul 2018 15:24:05 : DEBUG : logging.py : 33 : successfully store to database
Wed 11 Jul 2018 15:26:22 : DEBUG : logging.py : 33 : successfully store to database
Wed 11 Jul 2018 15:26:22 : DEBUG : logging.py : 33 : successfully store to database
Wed 11 Jul 2018 15:31:19 : DEBUG : logging.py : 33 : successfully store to database
Wed 11 Jul 2018 15:42:31 : DEBUG : logging.py : 33 : successfully store to database
Wed 11 Jul 2018 15:42:54 : DEBUG : logging.py : 33 : successfully store to database
Wed 11 Jul 2018 15:43:20 : DEBUG : logging.py : 33 : successfully store to database
Wed 11 Jul 2018 15:43:20 : DEBUG : logging.py : 33 : successfully store to database
Wed 11 Jul 2018 15:52:47 : DEBUG : logging.py : 33 : successfully store to database
Wed 11 Jul 2018 15:53:42 : DEBUG : logging.py : 33 : successfully store to database
Wed 11 Jul 2018 15:53:42 : DEBUG : logging.py : 33 : successfully store to database
Wed 11 Jul 2018 15:53:57 : DEBUG : logging.py : 33 : successfully store to database
Wed 11 Jul 2018 15:53:57 : DEBUG : logging.py : 33 : successfully store to database
Wed 11 Jul 2018 15:53:57 : DEBUG : logging.py : 33 : successfully store to database
Thu 12 Jul 2018 11:32:10 : DEBUG : logging.py : 33 : successfully store to database
Thu 12 Jul 2018 11:33:02 : DEBUG : logging.py : 33 : successfully store to database
Fri 13 Jul 2018 12:20:57 : DEBUG : logging.py : 33 : successfully store to database
Fri 13 Jul 2018 12:21:27 : DEBUG : logging.py : 33 : successfully store to database
Fri 13 Jul 2018 12:21:27 : DEBUG : logging.py : 33 : successfully store to database
Wed 18 Jul 2018 00:28:26 : DEBUG : logging.py : 33 : successfully store to database
Wed 18 Jul 2018 00:29:32 : DEBUG : logging.py : 33 : successfully store to database
Wed 18 Jul 2018 00:29:32 : DEBUG : logging.py : 33 : successfully store to database
Wed 18 Jul 2018 00:46:03 : DEBUG : logging.py : 33 : successfully store to database
