Thu 12 Jul 2018 02:06:50 : DEBUG : logging.py : 33 : successfully store to database
Thu 12 Jul 2018 02:08:09 : DEBUG : logging.py : 33 : successfully store to database
Thu 12 Jul 2018 02:08:09 : DEBUG : logging.py : 33 : successfully store to database
Fri 13 Jul 2018 12:26:13 : DEBUG : logging.py : 33 : successfully store to database
Fri 13 Jul 2018 13:17:22 : DEBUG : logging.py : 33 : successfully store to database
Fri 13 Jul 2018 13:18:50 : DEBUG : logging.py : 33 : successfully store to database
Fri 13 Jul 2018 13:18:50 : DEBUG : logging.py : 33 : successfully store to database
Fri 13 Jul 2018 14:38:45 : DEBUG : logging.py : 33 : successfully store to database
Fri 13 Jul 2018 15:38:59 : DEBUG : logging.py : 33 : successfully store to database
Fri 13 Jul 2018 15:41:55 : DEBUG : logging.py : 33 : successfully store to database
Fri 13 Jul 2018 15:41:55 : DEBUG : logging.py : 33 : successfully store to database
Fri 13 Jul 2018 15:57:25 : DEBUG : logging.py : 33 : successfully store to database
Fri 13 Jul 2018 16:00:39 : DEBUG : logging.py : 33 : successfully store to database
Fri 13 Jul 2018 16:00:39 : DEBUG : logging.py : 33 : successfully store to database
Fri 13 Jul 2018 16:02:17 : DEBUG : logging.py : 33 : successfully store to database
Fri 13 Jul 2018 16:02:17 : DEBUG : logging.py : 33 : successfully store to database
Fri 13 Jul 2018 16:02:17 : DEBUG : logging.py : 33 : successfully store to database
Fri 13 Jul 2018 16:25:11 : DEBUG : logging.py : 33 : successfully store to database
Fri 13 Jul 2018 16:25:36 : DEBUG : logging.py : 33 : successfully store to database
Fri 13 Jul 2018 16:27:23 : DEBUG : logging.py : 33 : successfully store to database
Fri 13 Jul 2018 16:35:09 : DEBUG : logging.py : 33 : successfully store to database
Fri 13 Jul 2018 16:35:55 : DEBUG : logging.py : 33 : successfully store to database
Fri 13 Jul 2018 23:19:43 : DEBUG : logging.py : 33 : successfully store to database
Fri 13 Jul 2018 23:47:59 : DEBUG : logging.py : 33 : successfully store to database
Sat 14 Jul 2018 00:23:22 : DEBUG : logging.py : 33 : successfully store to database
Sat 14 Jul 2018 00:23:22 : DEBUG : logging.py : 33 : successfully store to database
Sat 14 Jul 2018 00:48:28 : DEBUG : logging.py : 33 : successfully store to database
Sat 14 Jul 2018 00:50:44 : DEBUG : logging.py : 33 : successfully store to database
Sat 14 Jul 2018 00:54:06 : DEBUG : logging.py : 33 : successfully store to database
Sat 14 Jul 2018 00:55:11 : DEBUG : logging.py : 33 : successfully store to database
Sat 14 Jul 2018 00:57:43 : DEBUG : logging.py : 33 : successfully store to database
Sat 14 Jul 2018 00:59:02 : DEBUG : logging.py : 33 : successfully store to database
Sat 14 Jul 2018 01:00:35 : DEBUG : logging.py : 33 : successfully store to database
Sat 14 Jul 2018 01:01:04 : DEBUG : logging.py : 33 : successfully store to database
Sat 14 Jul 2018 01:01:04 : DEBUG : logging.py : 33 : successfully store to database
Sat 14 Jul 2018 01:01:26 : DEBUG : logging.py : 33 : successfully store to database
Sat 14 Jul 2018 01:01:26 : DEBUG : logging.py : 33 : successfully store to database
Sat 14 Jul 2018 01:01:26 : DEBUG : logging.py : 33 : successfully store to database
Sat 14 Jul 2018 01:01:43 : DEBUG : logging.py : 33 : successfully store to database
Sat 14 Jul 2018 01:01:43 : DEBUG : logging.py : 33 : successfully store to database
Sat 14 Jul 2018 01:01:43 : DEBUG : logging.py : 33 : successfully store to database
Sat 14 Jul 2018 01:01:43 : DEBUG : logging.py : 33 : successfully store to database
Sat 14 Jul 2018 01:11:51 : DEBUG : logging.py : 33 : successfully store to database
Sat 14 Jul 2018 01:14:16 : DEBUG : logging.py : 33 : successfully store to database
Sat 14 Jul 2018 01:16:17 : DEBUG : logging.py : 33 : successfully store to database
Sat 14 Jul 2018 01:17:00 : DEBUG : logging.py : 33 : successfully store to database
Sat 14 Jul 2018 01:23:07 : DEBUG : logging.py : 33 : successfully store to database
Sat 14 Jul 2018 01:25:51 : DEBUG : logging.py : 33 : successfully store to database
Sat 14 Jul 2018 01:37:54 : DEBUG : logging.py : 33 : successfully store to database
Sat 14 Jul 2018 18:11:16 : DEBUG : logging.py : 33 : successfully store to database
Sat 14 Jul 2018 18:12:30 : DEBUG : logging.py : 33 : successfully store to database
Sat 14 Jul 2018 18:12:30 : DEBUG : logging.py : 33 : successfully store to database
Sun 15 Jul 2018 21:04:00 : DEBUG : logging.py : 33 : successfully store to database
Sun 15 Jul 2018 21:04:56 : DEBUG : logging.py : 33 : successfully store to database
Sun 15 Jul 2018 21:04:56 : DEBUG : logging.py : 33 : successfully store to database
Sun 15 Jul 2018 21:05:20 : DEBUG : logging.py : 33 : successfully store to database
Sun 15 Jul 2018 21:05:20 : DEBUG : logging.py : 33 : successfully store to database
Sun 15 Jul 2018 21:05:20 : DEBUG : logging.py : 33 : successfully store to database
Sun 15 Jul 2018 21:08:51 : DEBUG : logging.py : 33 : successfully store to database
Sun 15 Jul 2018 21:08:51 : DEBUG : logging.py : 33 : successfully store to database
Sun 15 Jul 2018 21:08:51 : DEBUG : logging.py : 33 : successfully store to database
Sun 15 Jul 2018 21:08:51 : DEBUG : logging.py : 33 : successfully store to database
Sun 15 Jul 2018 21:12:23 : DEBUG : logging.py : 33 : successfully store to database
Sun 15 Jul 2018 21:13:56 : DEBUG : logging.py : 33 : successfully store to database
Sun 15 Jul 2018 21:23:45 : DEBUG : logging.py : 33 : successfully store to database
Sun 15 Jul 2018 21:31:31 : DEBUG : logging.py : 33 : successfully store to database
Sun 15 Jul 2018 21:34:22 : DEBUG : logging.py : 33 : successfully store to database
Sun 15 Jul 2018 21:34:55 : DEBUG : logging.py : 33 : successfully store to database
Sun 15 Jul 2018 21:34:55 : DEBUG : logging.py : 33 : successfully store to database
Sun 15 Jul 2018 21:35:30 : DEBUG : logging.py : 33 : successfully store to database
Sun 15 Jul 2018 21:35:30 : DEBUG : logging.py : 33 : successfully store to database
Sun 15 Jul 2018 21:35:30 : DEBUG : logging.py : 33 : successfully store to database
Tue 17 Jul 2018 02:25:45 : DEBUG : logging.py : 33 : successfully store to database
Tue 17 Jul 2018 02:37:33 : DEBUG : logging.py : 33 : successfully store to database
Tue 17 Jul 2018 02:39:03 : DEBUG : logging.py : 33 : successfully store to database
Tue 17 Jul 2018 02:42:03 : DEBUG : logging.py : 33 : successfully store to database
Tue 17 Jul 2018 02:49:46 : DEBUG : logging.py : 33 : successfully store to database
Tue 17 Jul 2018 02:50:36 : DEBUG : logging.py : 33 : successfully store to database
Tue 17 Jul 2018 02:50:36 : DEBUG : logging.py : 33 : successfully store to database
Tue 17 Jul 2018 02:57:01 : DEBUG : logging.py : 33 : successfully store to database
Tue 17 Jul 2018 02:58:02 : DEBUG : logging.py : 33 : successfully store to database
Tue 17 Jul 2018 03:03:22 : DEBUG : logging.py : 33 : successfully store to database
Tue 17 Jul 2018 03:03:43 : DEBUG : logging.py : 33 : successfully store to database
Tue 17 Jul 2018 03:03:43 : DEBUG : logging.py : 33 : successfully store to database
Tue 17 Jul 2018 03:14:52 : DEBUG : logging.py : 33 : successfully store to database
Tue 17 Jul 2018 03:16:15 : DEBUG : logging.py : 33 : successfully store to database
Tue 17 Jul 2018 03:16:15 : DEBUG : logging.py : 33 : successfully store to database
Tue 17 Jul 2018 03:38:23 : DEBUG : logging.py : 33 : successfully store to database
Tue 17 Jul 2018 11:14:26 : DEBUG : logging.py : 33 : successfully store to database
Tue 17 Jul 2018 11:15:16 : DEBUG : logging.py : 33 : successfully store to database
Tue 17 Jul 2018 11:17:53 : DEBUG : logging.py : 33 : successfully store to database
Tue 17 Jul 2018 11:17:53 : DEBUG : logging.py : 33 : successfully store to database
Tue 17 Jul 2018 11:19:12 : DEBUG : logging.py : 33 : successfully store to database
Tue 17 Jul 2018 11:33:44 : DEBUG : logging.py : 33 : successfully store to database
Tue 17 Jul 2018 11:40:04 : DEBUG : logging.py : 33 : successfully store to database
Tue 17 Jul 2018 11:41:21 : DEBUG : logging.py : 33 : successfully store to database
Tue 17 Jul 2018 12:20:36 : DEBUG : logging.py : 33 : successfully store to database
Tue 17 Jul 2018 12:22:54 : DEBUG : logging.py : 33 : successfully store to database
Tue 17 Jul 2018 12:32:10 : DEBUG : logging.py : 33 : successfully store to database
Tue 17 Jul 2018 12:34:19 : DEBUG : logging.py : 33 : successfully store to database
Tue 17 Jul 2018 12:34:19 : DEBUG : logging.py : 33 : successfully store to database
Tue 17 Jul 2018 12:37:13 : DEBUG : logging.py : 33 : successfully store to database
Tue 17 Jul 2018 12:37:13 : DEBUG : logging.py : 33 : successfully store to database
Tue 17 Jul 2018 12:37:13 : DEBUG : logging.py : 33 : successfully store to database
Tue 17 Jul 2018 12:37:48 : DEBUG : logging.py : 33 : successfully store to database
Tue 17 Jul 2018 12:37:48 : DEBUG : logging.py : 33 : successfully store to database
Tue 17 Jul 2018 12:37:48 : DEBUG : logging.py : 33 : successfully store to database
Tue 17 Jul 2018 12:37:48 : DEBUG : logging.py : 33 : successfully store to database
Tue 17 Jul 2018 12:38:08 : DEBUG : logging.py : 33 : successfully store to database
Tue 17 Jul 2018 12:38:08 : DEBUG : logging.py : 33 : successfully store to database
Tue 17 Jul 2018 12:38:08 : DEBUG : logging.py : 33 : successfully store to database
Tue 17 Jul 2018 12:38:08 : DEBUG : logging.py : 33 : successfully store to database
Tue 17 Jul 2018 12:38:08 : DEBUG : logging.py : 33 : successfully store to database
Tue 17 Jul 2018 14:35:24 : DEBUG : logging.py : 33 : successfully store to database
Tue 17 Jul 2018 14:36:26 : DEBUG : logging.py : 33 : successfully store to database
Tue 17 Jul 2018 14:38:00 : DEBUG : logging.py : 33 : successfully store to database
Tue 17 Jul 2018 14:38:00 : DEBUG : logging.py : 33 : successfully store to database
Tue 17 Jul 2018 14:40:06 : DEBUG : logging.py : 33 : successfully store to database
Tue 17 Jul 2018 15:00:28 : DEBUG : logging.py : 33 : successfully store to database
Tue 17 Jul 2018 23:44:02 : DEBUG : logging.py : 33 : successfully store to database
Tue 17 Jul 2018 23:45:41 : DEBUG : logging.py : 33 : successfully store to database
Tue 17 Jul 2018 23:45:41 : DEBUG : logging.py : 33 : successfully store to database
Tue 17 Jul 2018 23:55:09 : DEBUG : logging.py : 33 : successfully store to database
