Tue 13 Mar 2018 22:48:44 : DEBUG : logging.py : 31 : similarity: 0.290647, word: 糖尿病, concept: 醫院, score: 0.290647, concept_count: 1
Tue 13 Mar 2018 22:48:44 : DEBUG : logging.py : 31 : similarity: -0.001484, word: 糖尿病, concept: 餐廳, score: 0.289163, concept_count: 2
Tue 13 Mar 2018 22:48:44 : DEBUG : logging.py : 31 : similarity: -0.014274, word: 糖尿病, concept: 公園, score: 0.274889, concept_count: 3
Tue 13 Mar 2018 22:48:44 : DEBUG : logging.py : 31 : result => word: 糖尿病, avg_score: 0.091630, this_domain: 地點, predict_domain: none
Tue 13 Mar 2018 22:48:44 : DEBUG : logging.py : 31 : result => word: 糖尿病, avg_score: 0.000000, this_domain: 數字, predict_domain: none
Tue 13 Mar 2018 22:48:44 : DEBUG : logging.py : 31 : similarity: -0.038858, word: 糖尿病, concept: 附近, score: -0.038858, concept_count: 1
Tue 13 Mar 2018 22:48:44 : DEBUG : logging.py : 31 : similarity: -0.031578, word: 糖尿病, concept: 周圍, score: -0.070436, concept_count: 2
Tue 13 Mar 2018 22:48:44 : DEBUG : logging.py : 31 : similarity: 0.004113, word: 糖尿病, concept: 遠, score: -0.066323, concept_count: 3
Tue 13 Mar 2018 22:48:44 : DEBUG : logging.py : 31 : result => word: 糖尿病, avg_score: -0.022108, this_domain: 距離, predict_domain: none
Tue 13 Mar 2018 22:48:44 : DEBUG : logging.py : 31 : similarity: 0.064334, word: 糖尿病, concept: 個人化, score: 0.064334, concept_count: 1
Tue 13 Mar 2018 22:48:44 : DEBUG : logging.py : 31 : similarity: 0.014491, word: 糖尿病, concept: 設定, score: 0.078826, concept_count: 2
Tue 13 Mar 2018 22:48:44 : DEBUG : logging.py : 31 : similarity: 0.083099, word: 糖尿病, concept: 調整, score: 0.161925, concept_count: 3
Tue 13 Mar 2018 22:48:44 : DEBUG : logging.py : 31 : result => word: 糖尿病, avg_score: 0.053975, this_domain: 個人化, predict_domain: none
Tue 13 Mar 2018 22:48:44 : DEBUG : logging.py : 31 : similarity: 1.000000, word: 糖尿病, concept: 糖尿病, score: 1.000000, concept_count: 1
Tue 13 Mar 2018 22:48:44 : DEBUG : logging.py : 31 : similarity: 0.776477, word: 糖尿病, concept: 高血壓, score: 1.776477, concept_count: 2
Tue 13 Mar 2018 22:48:44 : DEBUG : logging.py : 31 : similarity: 0.534411, word: 糖尿病, concept: 胃痛, score: 2.310888, concept_count: 3
Tue 13 Mar 2018 22:48:44 : DEBUG : logging.py : 31 : result => word: 糖尿病, avg_score: 0.770296, this_domain: 疾病, predict_domain: 疾病
Tue 13 Mar 2018 22:48:44 : DEBUG : logging.py : 31 : similarity: 0.062484, word: 糖尿病, concept: 公尺, score: 0.062484, concept_count: 1
Tue 13 Mar 2018 22:48:44 : DEBUG : logging.py : 31 : result => word: 糖尿病, avg_score: 0.062484, this_domain: 單位, predict_domain: 疾病
Tue 13 Mar 2018 22:48:44 : DEBUG : logging.py : 31 : similarity: 0.052373, word: 了解, concept: 醫院, score: 0.052373, concept_count: 1
Tue 13 Mar 2018 22:48:44 : DEBUG : logging.py : 31 : similarity: 0.063216, word: 了解, concept: 餐廳, score: 0.115589, concept_count: 2
Tue 13 Mar 2018 22:48:44 : DEBUG : logging.py : 31 : similarity: -0.079071, word: 了解, concept: 公園, score: 0.036518, concept_count: 3
Tue 13 Mar 2018 22:48:44 : DEBUG : logging.py : 31 : result => word: 了解, avg_score: 0.012173, this_domain: 地點, predict_domain: none
Tue 13 Mar 2018 22:48:44 : DEBUG : logging.py : 31 : result => word: 了解, avg_score: 0.000000, this_domain: 數字, predict_domain: none
Tue 13 Mar 2018 22:48:44 : DEBUG : logging.py : 31 : similarity: 0.031408, word: 了解, concept: 附近, score: 0.031408, concept_count: 1
Tue 13 Mar 2018 22:48:44 : DEBUG : logging.py : 31 : similarity: 0.160130, word: 了解, concept: 周圍, score: 0.191538, concept_count: 2
Tue 13 Mar 2018 22:48:44 : DEBUG : logging.py : 31 : similarity: 0.113056, word: 了解, concept: 遠, score: 0.304594, concept_count: 3
Tue 13 Mar 2018 22:48:44 : DEBUG : logging.py : 31 : result => word: 了解, avg_score: 0.101531, this_domain: 距離, predict_domain: none
Tue 13 Mar 2018 22:48:44 : DEBUG : logging.py : 31 : similarity: 0.318801, word: 了解, concept: 個人化, score: 0.318801, concept_count: 1
Tue 13 Mar 2018 22:48:44 : DEBUG : logging.py : 31 : similarity: 0.243892, word: 了解, concept: 設定, score: 0.562693, concept_count: 2
Tue 13 Mar 2018 22:48:44 : DEBUG : logging.py : 31 : similarity: 0.193103, word: 了解, concept: 調整, score: 0.755795, concept_count: 3
Tue 13 Mar 2018 22:48:44 : DEBUG : logging.py : 31 : result => word: 了解, avg_score: 0.251932, this_domain: 個人化, predict_domain: none
Tue 13 Mar 2018 22:48:44 : DEBUG : logging.py : 31 : similarity: 0.126625, word: 了解, concept: 糖尿病, score: 0.126625, concept_count: 1
Tue 13 Mar 2018 22:48:44 : DEBUG : logging.py : 31 : similarity: 0.138323, word: 了解, concept: 高血壓, score: 0.264948, concept_count: 2
Tue 13 Mar 2018 22:48:44 : DEBUG : logging.py : 31 : similarity: 0.144977, word: 了解, concept: 胃痛, score: 0.409925, concept_count: 3
Tue 13 Mar 2018 22:48:44 : DEBUG : logging.py : 31 : result => word: 了解, avg_score: 0.136642, this_domain: 疾病, predict_domain: none
Tue 13 Mar 2018 22:48:44 : DEBUG : logging.py : 31 : similarity: -0.107890, word: 了解, concept: 公尺, score: -0.107890, concept_count: 1
Tue 13 Mar 2018 22:48:44 : DEBUG : logging.py : 31 : result => word: 了解, avg_score: -0.107890, this_domain: 單位, predict_domain: none
Tue 13 Mar 2018 22:48:44 : ERROR : logging.py : 40 : "word '100' not in vocabulary"
Tue 13 Mar 2018 23:01:41 : DEBUG : logging.py : 31 : similarity: 0.224615, word: 高血壓, concept: 醫院, score: 0.224615, concept_count: 1
Tue 13 Mar 2018 23:01:41 : DEBUG : logging.py : 31 : similarity: -0.023931, word: 高血壓, concept: 餐廳, score: 0.200684, concept_count: 2
Tue 13 Mar 2018 23:01:41 : DEBUG : logging.py : 31 : similarity: -0.089800, word: 高血壓, concept: 公園, score: 0.110884, concept_count: 3
Tue 13 Mar 2018 23:01:41 : DEBUG : logging.py : 31 : result => word: 高血壓, avg_score: 0.036961, this_domain: 地點, predict_domain: none
Tue 13 Mar 2018 23:01:41 : DEBUG : logging.py : 31 : result => word: 高血壓, avg_score: 0.000000, this_domain: 數字, predict_domain: none
Tue 13 Mar 2018 23:01:41 : DEBUG : logging.py : 31 : similarity: -0.025151, word: 高血壓, concept: 附近, score: -0.025151, concept_count: 1
Tue 13 Mar 2018 23:01:41 : DEBUG : logging.py : 31 : similarity: 0.044759, word: 高血壓, concept: 周圍, score: 0.019607, concept_count: 2
Tue 13 Mar 2018 23:01:41 : DEBUG : logging.py : 31 : similarity: -0.008003, word: 高血壓, concept: 遠, score: 0.011605, concept_count: 3
Tue 13 Mar 2018 23:01:41 : DEBUG : logging.py : 31 : result => word: 高血壓, avg_score: 0.003868, this_domain: 距離, predict_domain: none
Tue 13 Mar 2018 23:01:41 : DEBUG : logging.py : 31 : similarity: 0.091908, word: 高血壓, concept: 個人化, score: 0.091908, concept_count: 1
Tue 13 Mar 2018 23:01:41 : DEBUG : logging.py : 31 : similarity: -0.009623, word: 高血壓, concept: 設定, score: 0.082285, concept_count: 2
Tue 13 Mar 2018 23:01:41 : DEBUG : logging.py : 31 : similarity: 0.117686, word: 高血壓, concept: 調整, score: 0.199971, concept_count: 3
Tue 13 Mar 2018 23:01:41 : DEBUG : logging.py : 31 : result => word: 高血壓, avg_score: 0.066657, this_domain: 個人化, predict_domain: none
Tue 13 Mar 2018 23:01:41 : DEBUG : logging.py : 31 : similarity: 0.776477, word: 高血壓, concept: 糖尿病, score: 0.776477, concept_count: 1
Tue 13 Mar 2018 23:01:41 : DEBUG : logging.py : 31 : similarity: 1.000000, word: 高血壓, concept: 高血壓, score: 1.776477, concept_count: 2
Tue 13 Mar 2018 23:01:41 : DEBUG : logging.py : 31 : similarity: 0.767530, word: 高血壓, concept: 胃痛, score: 2.544006, concept_count: 3
Tue 13 Mar 2018 23:01:41 : DEBUG : logging.py : 31 : result => word: 高血壓, avg_score: 0.848002, this_domain: 疾病, predict_domain: 疾病
Tue 13 Mar 2018 23:01:41 : DEBUG : logging.py : 31 : similarity: -0.010195, word: 高血壓, concept: 公尺, score: -0.010195, concept_count: 1
Tue 13 Mar 2018 23:01:41 : DEBUG : logging.py : 31 : result => word: 高血壓, avg_score: -0.010195, this_domain: 單位, predict_domain: 疾病
Tue 13 Mar 2018 23:01:41 : DEBUG : logging.py : 31 : similarity: 0.030046, word: 訊息, concept: 醫院, score: 0.030046, concept_count: 1
Tue 13 Mar 2018 23:01:41 : DEBUG : logging.py : 31 : similarity: 0.066850, word: 訊息, concept: 餐廳, score: 0.096896, concept_count: 2
Tue 13 Mar 2018 23:01:41 : DEBUG : logging.py : 31 : similarity: -0.049703, word: 訊息, concept: 公園, score: 0.047193, concept_count: 3
Tue 13 Mar 2018 23:01:41 : DEBUG : logging.py : 31 : result => word: 訊息, avg_score: 0.015731, this_domain: 地點, predict_domain: none
Tue 13 Mar 2018 23:01:41 : DEBUG : logging.py : 31 : result => word: 訊息, avg_score: 0.000000, this_domain: 數字, predict_domain: none
Tue 13 Mar 2018 23:01:41 : DEBUG : logging.py : 31 : similarity: 0.078187, word: 訊息, concept: 附近, score: 0.078187, concept_count: 1
Tue 13 Mar 2018 23:01:41 : DEBUG : logging.py : 31 : similarity: 0.158495, word: 訊息, concept: 周圍, score: 0.236682, concept_count: 2
Tue 13 Mar 2018 23:01:41 : DEBUG : logging.py : 31 : similarity: 0.046595, word: 訊息, concept: 遠, score: 0.283276, concept_count: 3
Tue 13 Mar 2018 23:01:41 : DEBUG : logging.py : 31 : result => word: 訊息, avg_score: 0.094425, this_domain: 距離, predict_domain: none
Tue 13 Mar 2018 23:01:41 : DEBUG : logging.py : 31 : similarity: 0.421313, word: 訊息, concept: 個人化, score: 0.421313, concept_count: 1
Tue 13 Mar 2018 23:01:41 : DEBUG : logging.py : 31 : similarity: 0.236777, word: 訊息, concept: 設定, score: 0.658090, concept_count: 2
Tue 13 Mar 2018 23:01:41 : DEBUG : logging.py : 31 : similarity: 0.078054, word: 訊息, concept: 調整, score: 0.736144, concept_count: 3
Tue 13 Mar 2018 23:01:41 : DEBUG : logging.py : 31 : result => word: 訊息, avg_score: 0.245381, this_domain: 個人化, predict_domain: none
Tue 13 Mar 2018 23:01:41 : DEBUG : logging.py : 31 : similarity: 0.060602, word: 訊息, concept: 糖尿病, score: 0.060602, concept_count: 1
Tue 13 Mar 2018 23:01:41 : DEBUG : logging.py : 31 : similarity: 0.077684, word: 訊息, concept: 高血壓, score: 0.138286, concept_count: 2
Tue 13 Mar 2018 23:01:41 : DEBUG : logging.py : 31 : similarity: 0.056820, word: 訊息, concept: 胃痛, score: 0.195107, concept_count: 3
Tue 13 Mar 2018 23:01:41 : DEBUG : logging.py : 31 : result => word: 訊息, avg_score: 0.065036, this_domain: 疾病, predict_domain: none
Tue 13 Mar 2018 23:01:41 : DEBUG : logging.py : 31 : similarity: 0.005315, word: 訊息, concept: 公尺, score: 0.005315, concept_count: 1
Tue 13 Mar 2018 23:01:41 : DEBUG : logging.py : 31 : result => word: 訊息, avg_score: 0.005315, this_domain: 單位, predict_domain: none
Tue 13 Mar 2018 23:01:41 : ERROR : logging.py : 40 : "word '100' not in vocabulary"
Tue 13 Mar 2018 23:01:41 : DEBUG : logging.py : 31 : similarity: 0.022366, word: 知道, concept: 醫院, score: 0.022366, concept_count: 1
Tue 13 Mar 2018 23:01:41 : DEBUG : logging.py : 31 : similarity: 0.069174, word: 知道, concept: 餐廳, score: 0.091539, concept_count: 2
Tue 13 Mar 2018 23:01:41 : DEBUG : logging.py : 31 : similarity: -0.028674, word: 知道, concept: 公園, score: 0.062866, concept_count: 3
Tue 13 Mar 2018 23:01:41 : DEBUG : logging.py : 31 : result => word: 知道, avg_score: 0.020955, this_domain: 地點, predict_domain: none
Tue 13 Mar 2018 23:01:41 : DEBUG : logging.py : 31 : result => word: 知道, avg_score: 0.000000, this_domain: 數字, predict_domain: none
Tue 13 Mar 2018 23:01:41 : DEBUG : logging.py : 31 : similarity: 0.044347, word: 知道, concept: 附近, score: 0.044347, concept_count: 1
Tue 13 Mar 2018 23:01:41 : DEBUG : logging.py : 31 : similarity: 0.169734, word: 知道, concept: 周圍, score: 0.214081, concept_count: 2
Tue 13 Mar 2018 23:01:41 : DEBUG : logging.py : 31 : similarity: 0.120459, word: 知道, concept: 遠, score: 0.334540, concept_count: 3
Tue 13 Mar 2018 23:01:41 : DEBUG : logging.py : 31 : result => word: 知道, avg_score: 0.111513, this_domain: 距離, predict_domain: none
Tue 13 Mar 2018 23:01:41 : DEBUG : logging.py : 31 : similarity: 0.060871, word: 知道, concept: 個人化, score: 0.060871, concept_count: 1
Tue 13 Mar 2018 23:01:41 : DEBUG : logging.py : 31 : similarity: 0.202282, word: 知道, concept: 設定, score: 0.263153, concept_count: 2
Tue 13 Mar 2018 23:01:41 : DEBUG : logging.py : 31 : similarity: 0.049373, word: 知道, concept: 調整, score: 0.312526, concept_count: 3
Tue 13 Mar 2018 23:01:41 : DEBUG : logging.py : 31 : result => word: 知道, avg_score: 0.104175, this_domain: 個人化, predict_domain: none
Tue 13 Mar 2018 23:01:41 : DEBUG : logging.py : 31 : similarity: 0.076081, word: 知道, concept: 糖尿病, score: 0.076081, concept_count: 1
Tue 13 Mar 2018 23:01:41 : DEBUG : logging.py : 31 : similarity: 0.059274, word: 知道, concept: 高血壓, score: 0.135355, concept_count: 2
Tue 13 Mar 2018 23:01:41 : DEBUG : logging.py : 31 : similarity: 0.136246, word: 知道, concept: 胃痛, score: 0.271600, concept_count: 3
Tue 13 Mar 2018 23:01:41 : DEBUG : logging.py : 31 : result => word: 知道, avg_score: 0.090533, this_domain: 疾病, predict_domain: none
Tue 13 Mar 2018 23:01:41 : DEBUG : logging.py : 31 : similarity: -0.074160, word: 知道, concept: 公尺, score: -0.074160, concept_count: 1
Tue 13 Mar 2018 23:01:41 : DEBUG : logging.py : 31 : result => word: 知道, avg_score: -0.074160, this_domain: 單位, predict_domain: none
Tue 13 Mar 2018 23:01:41 : ERROR : logging.py : 40 : "word '100' not in vocabulary"
